<?xml version="1.0" encoding="UTF-8"?>
<testng-results ignored="3" total="6" passed="3" failed="0" skipped="0">
  <reporter-output>
  </reporter-output>
  <suite started-at="2023-01-26T12:39:30 IST" name="RS jald Suite" finished-at="2023-01-26T12:40:55 IST" duration-ms="85355">
    <groups>
    </groups>
    <test started-at="2023-01-26T12:39:30 IST" name="Test2-Jald" finished-at="2023-01-26T12:40:31 IST" duration-ms="61427">
      <class name="com.RSJald.GoogleSearchTest.AppTest">
        <test-method signature="searchResult()[pri:0, instance:com.RSJald.GoogleSearchTest.AppTest@313ac989]" started-at="2023-01-26T12:39:30 IST" name="searchResult" finished-at="2023-01-26T12:40:31 IST" duration-ms="61316" status="PASS">
          <reporter-output>
          </reporter-output>
        </test-method> <!-- searchResult -->
      </class> <!-- com.RSJald.GoogleSearchTest.AppTest -->
    </test> <!-- Test2-Jald -->
    <test started-at="2023-01-26T12:39:30 IST" name="Test1-RS" finished-at="2023-01-26T12:40:55 IST" duration-ms="85355">
      <class name="com.RSJald.GoogleSearchTest.AppTest">
        <test-method signature="searchResult()[pri:0, instance:com.RSJald.GoogleSearchTest.AppTest@4f18837a]" started-at="2023-01-26T12:39:30 IST" name="searchResult" finished-at="2023-01-26T12:40:31 IST" duration-ms="61321" status="PASS">
          <reporter-output>
          </reporter-output>
        </test-method> <!-- searchResult -->
        <test-method signature="searchResult1()[pri:0, instance:com.RSJald.GoogleSearchTest.AppTest@4f18837a]" started-at="2023-01-26T12:40:31 IST" name="searchResult1" finished-at="2023-01-26T12:40:55 IST" duration-ms="23922" status="PASS">
          <reporter-output>
          </reporter-output>
        </test-method> <!-- searchResult1 -->
      </class> <!-- com.RSJald.GoogleSearchTest.AppTest -->
    </test> <!-- Test1-RS -->
  </suite> <!-- RS jald Suite -->
</testng-results>
