<?xml version="1.0" encoding="UTF-8"?>
<testng-results ignored="4" total="9" passed="5" failed="0" skipped="0">
  <reporter-output>
  </reporter-output>
  <suite started-at="2023-01-26T12:25:09 IST" name="Suite" finished-at="2023-01-26T12:27:39 IST" duration-ms="150327">
    <groups>
    </groups>
    <test started-at="2023-01-26T12:25:09 IST" name="Test" finished-at="2023-01-26T12:26:45 IST" duration-ms="96464">
      <class name="com.RSJald.GoogleSearchTest.AppTest">
        <test-method signature="searchResult()[pri:0, instance:com.RSJald.GoogleSearchTest.AppTest@4f18837a]" started-at="2023-01-26T12:25:09 IST" name="searchResult" finished-at="2023-01-26T12:25:58 IST" duration-ms="48859" status="PASS">
          <reporter-output>
          </reporter-output>
        </test-method> <!-- searchResult -->
        <test-method signature="searchResult1()[pri:0, instance:com.RSJald.GoogleSearchTest.AppTest@4f18837a]" started-at="2023-01-26T12:25:58 IST" name="searchResult1" finished-at="2023-01-26T12:26:15 IST" duration-ms="17316" status="PASS">
          <reporter-output>
          </reporter-output>
        </test-method> <!-- searchResult1 -->
        <test-method signature="searchResult2()[pri:0, instance:com.RSJald.GoogleSearchTest.AppTest@4f18837a]" started-at="2023-01-26T12:26:15 IST" name="searchResult2" finished-at="2023-01-26T12:26:45 IST" duration-ms="30177" status="PASS">
          <reporter-output>
          </reporter-output>
        </test-method> <!-- searchResult2 -->
      </class> <!-- com.RSJald.GoogleSearchTest.AppTest -->
    </test> <!-- Test -->
    <test started-at="2023-01-26T12:26:46 IST" name="Test1" finished-at="2023-01-26T12:27:39 IST" duration-ms="53446">
      <class name="com.RSJald.GoogleSearchTest.AppTest">
        <test-method signature="searchResult()[pri:0, instance:com.RSJald.GoogleSearchTest.AppTest@55b699ef]" started-at="2023-01-26T12:26:46 IST" name="searchResult" finished-at="2023-01-26T12:27:16 IST" duration-ms="30486" status="PASS">
          <reporter-output>
          </reporter-output>
        </test-method> <!-- searchResult -->
        <test-method signature="searchResult1()[pri:0, instance:com.RSJald.GoogleSearchTest.AppTest@55b699ef]" started-at="2023-01-26T12:27:16 IST" name="searchResult1" finished-at="2023-01-26T12:27:39 IST" duration-ms="22953" status="PASS">
          <reporter-output>
          </reporter-output>
        </test-method> <!-- searchResult1 -->
      </class> <!-- com.RSJald.GoogleSearchTest.AppTest -->
    </test> <!-- Test1 -->
    <test started-at="2023-01-26T12:27:39 IST" name="Test2" finished-at="2023-01-26T12:27:39 IST" duration-ms="2">
    </test> <!-- Test2 -->
  </suite> <!-- Suite -->
</testng-results>
