<?xml version="1.0" encoding="UTF-8"?>
<!-- Generated by org.testng.reporters.JUnitXMLReporter -->
<testsuite ignored="1" hostname="RSJALD" failures="0" tests="2" name="Test1-RS" time="85.355" errors="0" timestamp="2023-01-26T12:40:55 IST">
  <testcase classname="com.RSJald.GoogleSearchTest.AppTest" name="searchResult" time="61.321"/>
  <testcase classname="com.RSJald.GoogleSearchTest.AppTest" name="searchResult1" time="23.922"/>
  <testcase classname="com.RSJald.GoogleSearchTest.AppTest" name="searchResult2" time="0.0">
    <ignored/>
  </testcase> <!-- searchResult2 -->
</testsuite> <!-- Test1-RS -->
