<?xml version="1.0" encoding="UTF-8"?>
<!-- Generated by org.testng.reporters.JUnitXMLReporter -->
<testsuite ignored="2" hostname="RSJALD" failures="0" tests="1" name="Test2-Jald" time="61.427" errors="0" timestamp="2023-01-26T12:40:32 IST">
  <testcase classname="com.RSJald.GoogleSearchTest.AppTest" name="searchResult" time="61.316"/>
  <testcase classname="com.RSJald.GoogleSearchTest.AppTest" name="searchResult2" time="0.0">
    <ignored/>
  </testcase> <!-- searchResult2 -->
  <testcase classname="com.RSJald.GoogleSearchTest.AppTest" name="searchResult1" time="0.0">
    <ignored/>
  </testcase> <!-- searchResult1 -->
</testsuite> <!-- Test2-Jald -->
