<?xml version="1.0" encoding="UTF-8"?>
<testng-results ignored="0" total="1" passed="1" failed="0" skipped="0">
  <reporter-output>
  </reporter-output>
  <suite started-at="2023-01-21T10:22:20 IST" name="Default suite" finished-at="2023-01-21T10:22:48 IST" duration-ms="27264">
    <groups>
    </groups>
    <test started-at="2023-01-21T10:22:20 IST" name="Default test" finished-at="2023-01-21T10:22:48 IST" duration-ms="27264">
      <class name="Test.Test1">
        <test-method signature="Test()[pri:0, instance:Test.Test1@6a28ffa4]" started-at="2023-01-21T10:22:21 IST" name="Test" finished-at="2023-01-21T10:22:48 IST" duration-ms="27189" status="PASS">
          <reporter-output>
          </reporter-output>
        </test-method> <!-- Test -->
      </class> <!-- Test.Test1 -->
    </test> <!-- Default test -->
  </suite> <!-- Default suite -->
</testng-results>
