<?xml version="1.0" encoding="UTF-8"?>
<!-- Generated by org.testng.reporters.JUnitXMLReporter -->
<testsuite ignored="0" hostname="RSJALD" failures="0" tests="3" name="Test" time="96.464" errors="0" timestamp="2023-01-26T12:26:45 IST">
  <testcase classname="com.RSJald.GoogleSearchTest.AppTest" name="searchResult" time="48.859"/>
  <testcase classname="com.RSJald.GoogleSearchTest.AppTest" name="searchResult1" time="17.316"/>
  <testcase classname="com.RSJald.GoogleSearchTest.AppTest" name="searchResult2" time="30.177"/>
</testsuite> <!-- Test -->
