<?xml version="1.0" encoding="UTF-8"?>
<!-- Generated by org.testng.reporters.JUnitXMLReporter -->
<testsuite ignored="3" hostname="RSJALD" failures="0" tests="0" time="0.002" errors="0" timestamp="2023-01-26T12:27:39 IST">
  <testcase classname="com.RSJald.GoogleSearchTest.AppTest" name="searchResult1" time="0.0">
    <ignored/>
  </testcase> <!-- searchResult1 -->
  <testcase classname="com.RSJald.GoogleSearchTest.AppTest" name="searchResult2" time="0.0">
    <ignored/>
  </testcase> <!-- searchResult2 -->
  <testcase classname="com.RSJald.GoogleSearchTest.AppTest" name="searchResult" time="0.0">
    <ignored/>
  </testcase> <!-- searchResult -->
</testsuite>
